['survey_results_schema.csv', 'survey_results_public.csv']

Stack Overflow 2018 Developer Survey data -  rows: 98855  columns: 129

Stack Overflow 2018 Developer Survey schema -  rows: 129  columns: 2

[NbConvertApp] Converting notebook __notebook__.ipynb to notebook

[NbConvertApp] Writing 3693322 bytes to __notebook__.ipynb

[NbConvertApp] Converting notebook __notebook__.ipynb to html

[NbConvertApp] Support files will be in __results___files/

[NbConvertApp] Making directory __results___files

[NbConvertApp] Making directory __results___files

[NbConvertApp] Making directory __results___files

[NbConvertApp] Making directory __results___files

[NbConvertApp] Making directory __results___files

[NbConvertApp] Making directory __results___files

[NbConvertApp] Making directory __results___files

[NbConvertApp] Making directory __results___files

[NbConvertApp] Making directory __results___files

[NbConvertApp] Making directory __results___files

[NbConvertApp] Making directory __results___files

[NbConvertApp] Making directory __results___files

[NbConvertApp] Making directory __results___files

[NbConvertApp] Making directory __results___files

[NbConvertApp] Making directory __results___files

[NbConvertApp] Making directory __results___files

[NbConvertApp] Making directory __results___files

[NbConvertApp] Making directory __results___files

[NbConvertApp] Making directory __results___files

[NbConvertApp] Making directory __results___files

[NbConvertApp] Making directory __results___files

[NbConvertApp] Making directory __results___files

[NbConvertApp] Making directory __results___files

[NbConvertApp] Making directory __results___files

[NbConvertApp] Making directory __results___files

[NbConvertApp] Making directory __results___files

[NbConvertApp] Making directory __results___files

[NbConvertApp] Making directory __results___files

[NbConvertApp] Making directory __results___files

[NbConvertApp] Making directory __results___files

[NbConvertApp] Making directory __results___files

[NbConvertApp] Making directory __results___files

[NbConvertApp] Making directory __results___files

[NbConvertApp] Making directory __results___files

[NbConvertApp] Making directory __results___files

[NbConvertApp] Making directory __results___files

[NbConvertApp] Making directory __results___files

[NbConvertApp] Making directory __results___files

[NbConvertApp] Making directory __results___files

[NbConvertApp] Making directory __results___files

[NbConvertApp] Making directory __results___files

[NbConvertApp] Making directory __results___files

[NbConvertApp] Making directory __results___files

[NbConvertApp] Making directory __results___files

[NbConvertApp] Making directory __results___files

[NbConvertApp] Making directory __results___files

[NbConvertApp] Making directory __results___files

[NbConvertApp] Making directory __results___files

[NbConvertApp] Making directory __results___files

[NbConvertApp] Making directory __results___files

[NbConvertApp] Making directory __results___files

[NbConvertApp] Making directory __results___files

[NbConvertApp] Making directory __results___files

[NbConvertApp] Making directory __results___files

[NbConvertApp] Making directory __results___files

[NbConvertApp] Making directory __results___files

[NbConvertApp] Making directory __results___files

[NbConvertApp] Making directory __results___files

[NbConvertApp] Making directory __results___files

[NbConvertApp] Making directory __results___files

[NbConvertApp] Writing 442421 bytes to __results__.html
